<?xml version="1.0" encoding="UTF-8"?>
<coverage generated="1607465861287" clover="3.2.0">
  <project timestamp="1607465861287" name="All files">
    <metrics statements="64" coveredstatements="40" conditionals="36" coveredconditionals="21" methods="13" coveredmethods="10" elements="113" coveredelements="71" complexity="0" loc="64" ncloc="64" packages="1" files="3" classes="3"/>
    <file name="bst-node.js" path="/Users/thomasglenn/Desktop/CompSci/cs-testing-environment/src/bst-node.js">
      <metrics statements="3" coveredstatements="3" conditionals="0" coveredconditionals="0" methods="1" coveredmethods="1"/>
      <line num="3" count="108" type="stmt"/>
      <line num="4" count="108" type="stmt"/>
      <line num="5" count="108" type="stmt"/>
    </file>
    <file name="bst.js" path="/Users/thomasglenn/Desktop/CompSci/cs-testing-environment/src/bst.js">
      <metrics statements="52" coveredstatements="29" conditionals="34" coveredconditionals="19" methods="6" coveredmethods="4"/>
      <line num="3" count="9" type="stmt"/>
      <line num="7" count="1" type="stmt"/>
      <line num="11" count="106" type="cond" truecount="2" falsecount="0"/>
      <line num="12" count="7" type="stmt"/>
      <line num="14" count="99" type="stmt"/>
      <line num="15" count="99" type="stmt"/>
      <line num="16" count="226" type="cond" truecount="2" falsecount="0"/>
      <line num="17" count="71" type="cond" truecount="2" falsecount="0"/>
      <line num="18" count="7" type="stmt"/>
      <line num="19" count="7" type="stmt"/>
      <line num="21" count="64" type="stmt"/>
      <line num="23" count="155" type="cond" truecount="2" falsecount="0"/>
      <line num="24" count="70" type="cond" truecount="2" falsecount="0"/>
      <line num="25" count="7" type="stmt"/>
      <line num="26" count="7" type="stmt"/>
      <line num="28" count="63" type="stmt"/>
      <line num="32" count="85" type="stmt"/>
      <line num="39" count="5" type="cond" truecount="2" falsecount="0"/>
      <line num="40" count="1" type="stmt"/>
      <line num="42" count="4" type="stmt"/>
      <line num="43" count="4" type="stmt"/>
      <line num="44" count="11" type="cond" truecount="2" falsecount="0"/>
      <line num="45" count="3" type="stmt"/>
      <line num="46" count="8" type="cond" truecount="2" falsecount="0"/>
      <line num="47" count="2" type="stmt"/>
      <line num="48" count="6" type="cond" truecount="1" falsecount="1"/>
      <line num="49" count="6" type="stmt"/>
      <line num="51" count="8" type="cond" truecount="2" falsecount="0"/>
      <line num="52" count="1" type="stmt"/>
      <line num="59" count="0" type="stmt"/>
      <line num="60" count="0" type="stmt"/>
      <line num="61" count="0" type="cond" truecount="0" falsecount="2"/>
      <line num="62" count="0" type="stmt"/>
      <line num="64" count="0" type="cond" truecount="0" falsecount="2"/>
      <line num="65" count="0" type="cond" truecount="0" falsecount="4"/>
      <line num="66" count="0" type="stmt"/>
      <line num="68" count="0" type="cond" truecount="0" falsecount="2"/>
      <line num="69" count="0" type="stmt"/>
      <line num="71" count="0" type="cond" truecount="0" falsecount="2"/>
      <line num="72" count="0" type="stmt"/>
      <line num="75" count="0" type="stmt"/>
      <line num="76" count="0" type="stmt"/>
      <line num="77" count="0" type="stmt"/>
      <line num="79" count="0" type="stmt"/>
      <line num="80" count="0" type="stmt"/>
      <line num="81" count="0" type="stmt"/>
      <line num="82" count="0" type="cond" truecount="0" falsecount="2"/>
      <line num="83" count="0" type="stmt"/>
      <line num="84" count="0" type="stmt"/>
      <line num="86" count="0" type="stmt"/>
      <line num="87" count="0" type="stmt"/>
      <line num="90" count="0" type="stmt"/>
    </file>
    <file name="graph.js" path="/Users/thomasglenn/Desktop/CompSci/cs-testing-environment/src/graph.js">
      <metrics statements="9" coveredstatements="8" conditionals="2" coveredconditionals="2" methods="6" coveredmethods="5"/>
      <line num="3" count="7" type="stmt"/>
      <line num="7" count="6" type="stmt"/>
      <line num="11" count="0" type="stmt"/>
      <line num="15" count="2" type="cond" truecount="2" falsecount="0"/>
      <line num="16" count="1" type="stmt"/>
      <line num="18" count="1" type="stmt"/>
      <line num="22" count="1" type="stmt"/>
      <line num="23" count="1" type="stmt"/>
      <line num="27" count="2" type="stmt"/>
    </file>
  </project>
</coverage>
