<?xml version="1.0" encoding="UTF-8"?>
<coverage generated="1607220085836" clover="3.2.0">
  <project timestamp="1607220085837" name="All files">
    <metrics statements="55" coveredstatements="27" conditionals="34" coveredconditionals="12" methods="7" coveredmethods="7" elements="96" coveredelements="46" complexity="0" loc="55" ncloc="55" packages="1" files="2" classes="2"/>
    <file name="bst-node.js" path="/Users/thomasglenn/Desktop/CompSci/cs-testing-environment/src/bst-node.js">
      <metrics statements="3" coveredstatements="3" conditionals="0" coveredconditionals="0" methods="1" coveredmethods="1"/>
      <line num="3" count="87" type="stmt"/>
      <line num="4" count="87" type="stmt"/>
      <line num="5" count="87" type="stmt"/>
    </file>
    <file name="bst.js" path="/Users/thomasglenn/Desktop/CompSci/cs-testing-environment/src/bst.js">
      <metrics statements="52" coveredstatements="24" conditionals="34" coveredconditionals="12" methods="6" coveredmethods="6"/>
      <line num="3" count="9" type="stmt"/>
      <line num="7" count="1" type="stmt"/>
      <line num="11" count="85" type="cond" truecount="2" falsecount="0"/>
      <line num="12" count="7" type="stmt"/>
      <line num="14" count="78" type="stmt"/>
      <line num="15" count="78" type="stmt"/>
      <line num="16" count="175" type="cond" truecount="2" falsecount="0"/>
      <line num="17" count="56" type="cond" truecount="2" falsecount="0"/>
      <line num="18" count="7" type="stmt"/>
      <line num="19" count="7" type="stmt"/>
      <line num="21" count="49" type="stmt"/>
      <line num="23" count="119" type="cond" truecount="2" falsecount="0"/>
      <line num="24" count="55" type="cond" truecount="2" falsecount="0"/>
      <line num="25" count="7" type="stmt"/>
      <line num="26" count="7" type="stmt"/>
      <line num="28" count="48" type="stmt"/>
      <line num="32" count="64" type="stmt"/>
      <line num="39" count="1" type="cond" truecount="1" falsecount="1"/>
      <line num="40" count="1" type="stmt"/>
      <line num="42" count="0" type="stmt"/>
      <line num="43" count="0" type="stmt"/>
      <line num="44" count="0" type="cond" truecount="0" falsecount="2"/>
      <line num="45" count="0" type="stmt"/>
      <line num="46" count="0" type="cond" truecount="0" falsecount="2"/>
      <line num="47" count="0" type="stmt"/>
      <line num="48" count="0" type="cond" truecount="0" falsecount="2"/>
      <line num="49" count="0" type="stmt"/>
      <line num="51" count="0" type="cond" truecount="0" falsecount="2"/>
      <line num="52" count="0" type="stmt"/>
      <line num="59" count="1" type="stmt"/>
      <line num="60" count="1" type="stmt"/>
      <line num="61" count="1" type="cond" truecount="1" falsecount="1"/>
      <line num="62" count="0" type="stmt"/>
      <line num="64" count="1" type="cond" truecount="0" falsecount="2"/>
      <line num="65" count="0" type="cond" truecount="0" falsecount="4"/>
      <line num="66" count="0" type="stmt"/>
      <line num="68" count="0" type="cond" truecount="0" falsecount="2"/>
      <line num="69" count="0" type="stmt"/>
      <line num="71" count="0" type="cond" truecount="0" falsecount="2"/>
      <line num="72" count="0" type="stmt"/>
      <line num="75" count="0" type="stmt"/>
      <line num="76" count="0" type="stmt"/>
      <line num="77" count="0" type="stmt"/>
      <line num="79" count="0" type="stmt"/>
      <line num="80" count="0" type="stmt"/>
      <line num="81" count="0" type="stmt"/>
      <line num="82" count="0" type="cond" truecount="0" falsecount="2"/>
      <line num="83" count="0" type="stmt"/>
      <line num="84" count="0" type="stmt"/>
      <line num="86" count="0" type="stmt"/>
      <line num="87" count="0" type="stmt"/>
      <line num="90" count="1" type="stmt"/>
    </file>
  </project>
</coverage>
