{"/Users/thomasglenn/Desktop/CompSci/cs-testing-environment/src/bst-node.js": {"path":"/Users/thomasglenn/Desktop/CompSci/cs-testing-environment/src/bst-node.js","statementMap":{"0":{"start":{"line":3,"column":4},"end":{"line":3,"column":21}},"1":{"start":{"line":4,"column":4},"end":{"line":4,"column":21}},"2":{"start":{"line":5,"column":4},"end":{"line":5,"column":22}}},"fnMap":{"0":{"name":"(anonymous_0)","decl":{"start":{"line":2,"column":2},"end":{"line":2,"column":3}},"loc":{"start":{"line":2,"column":20},"end":{"line":6,"column":3}},"line":2}},"branchMap":{},"s":{"0":108,"1":108,"2":108},"f":{"0":108},"b":{},"_coverageSchema":"43e27e138ebf9cfc5966b082cf9a028302ed4184","hash":"42cec998618c7b0ee906210991a0742e7bf9d94a"}
,"/Users/thomasglenn/Desktop/CompSci/cs-testing-environment/src/bst.js": {"path":"/Users/thomasglenn/Desktop/CompSci/cs-testing-environment/src/bst.js","statementMap":{"0":{"start":{"line":3,"column":4},"end":{"line":3,"column":21}},"1":{"start":{"line":7,"column":4},"end":{"line":7,"column":21}},"2":{"start":{"line":11,"column":4},"end":{"line":35,"column":5}},"3":{"start":{"line":12,"column":6},"end":{"line":12,"column":31}},"4":{"start":{"line":14,"column":24},"end":{"line":14,"column":33}},"5":{"start":{"line":15,"column":6},"end":{"line":34,"column":7}},"6":{"start":{"line":16,"column":8},"end":{"line":33,"column":9}},"7":{"start":{"line":17,"column":10},"end":{"line":22,"column":11}},"8":{"start":{"line":18,"column":12},"end":{"line":18,"column":44}},"9":{"start":{"line":19,"column":12},"end":{"line":19,"column":24}},"10":{"start":{"line":21,"column":12},"end":{"line":21,"column":43}},"11":{"start":{"line":23,"column":15},"end":{"line":33,"column":9}},"12":{"start":{"line":24,"column":10},"end":{"line":29,"column":11}},"13":{"start":{"line":25,"column":12},"end":{"line":25,"column":45}},"14":{"start":{"line":26,"column":12},"end":{"line":26,"column":24}},"15":{"start":{"line":28,"column":12},"end":{"line":28,"column":43}},"16":{"start":{"line":32,"column":10},"end":{"line":32,"column":22}},"17":{"start":{"line":39,"column":4},"end":{"line":55,"column":5}},"18":{"start":{"line":40,"column":6},"end":{"line":40,"column":18}},"19":{"start":{"line":42,"column":24},"end":{"line":42,"column":33}},"20":{"start":{"line":43,"column":6},"end":{"line":54,"column":7}},"21":{"start":{"line":44,"column":8},"end":{"line":50,"column":9}},"22":{"start":{"line":45,"column":10},"end":{"line":45,"column":22}},"23":{"start":{"line":46,"column":15},"end":{"line":50,"column":9}},"24":{"start":{"line":47,"column":10},"end":{"line":47,"column":41}},"25":{"start":{"line":48,"column":15},"end":{"line":50,"column":9}},"26":{"start":{"line":49,"column":10},"end":{"line":49,"column":42}},"27":{"start":{"line":51,"column":8},"end":{"line":53,"column":9}},"28":{"start":{"line":52,"column":10},"end":{"line":52,"column":23}},"29":{"start":{"line":59,"column":20},"end":{"line":59,"column":29}},"30":{"start":{"line":60,"column":22},"end":{"line":89,"column":3}},"31":{"start":{"line":61,"column":4},"end":{"line":63,"column":5}},"32":{"start":{"line":62,"column":6},"end":{"line":62,"column":17}},"33":{"start":{"line":64,"column":4},"end":{"line":88,"column":5}},"34":{"start":{"line":65,"column":6},"end":{"line":67,"column":7}},"35":{"start":{"line":66,"column":8},"end":{"line":66,"column":19}},"36":{"start":{"line":68,"column":6},"end":{"line":70,"column":7}},"37":{"start":{"line":69,"column":8},"end":{"line":69,"column":32}},"38":{"start":{"line":71,"column":6},"end":{"line":73,"column":7}},"39":{"start":{"line":72,"column":8},"end":{"line":72,"column":31}},"40":{"start":{"line":75,"column":23},"end":{"line":75,"column":40}},"41":{"start":{"line":76,"column":6},"end":{"line":78,"column":7}},"42":{"start":{"line":77,"column":8},"end":{"line":77,"column":32}},"43":{"start":{"line":79,"column":6},"end":{"line":79,"column":38}},"44":{"start":{"line":80,"column":6},"end":{"line":80,"column":70}},"45":{"start":{"line":81,"column":6},"end":{"line":81,"column":24}},"46":{"start":{"line":82,"column":11},"end":{"line":88,"column":5}},"47":{"start":{"line":83,"column":6},"end":{"line":83,"column":60}},"48":{"start":{"line":84,"column":6},"end":{"line":84,"column":24}},"49":{"start":{"line":86,"column":6},"end":{"line":86,"column":62}},"50":{"start":{"line":87,"column":6},"end":{"line":87,"column":24}},"51":{"start":{"line":90,"column":1},"end":{"line":90,"column":45}}},"fnMap":{"0":{"name":"(anonymous_0)","decl":{"start":{"line":2,"column":2},"end":{"line":2,"column":3}},"loc":{"start":{"line":2,"column":16},"end":{"line":4,"column":3}},"line":2},"1":{"name":"(anonymous_1)","decl":{"start":{"line":6,"column":2},"end":{"line":6,"column":3}},"loc":{"start":{"line":6,"column":19},"end":{"line":8,"column":3}},"line":6},"2":{"name":"(anonymous_2)","decl":{"start":{"line":10,"column":2},"end":{"line":10,"column":3}},"loc":{"start":{"line":10,"column":23},"end":{"line":36,"column":3}},"line":10},"3":{"name":"(anonymous_3)","decl":{"start":{"line":38,"column":2},"end":{"line":38,"column":3}},"loc":{"start":{"line":38,"column":16},"end":{"line":56,"column":3}},"line":38},"4":{"name":"(anonymous_4)","decl":{"start":{"line":58,"column":1},"end":{"line":58,"column":2}},"loc":{"start":{"line":58,"column":15},"end":{"line":91,"column":1}},"line":58},"5":{"name":"(anonymous_5)","decl":{"start":{"line":60,"column":22},"end":{"line":60,"column":23}},"loc":{"start":{"line":60,"column":46},"end":{"line":89,"column":3}},"line":60}},"branchMap":{"0":{"loc":{"start":{"line":11,"column":4},"end":{"line":35,"column":5}},"type":"if","locations":[{"start":{"line":11,"column":4},"end":{"line":35,"column":5}},{"start":{"line":11,"column":4},"end":{"line":35,"column":5}}],"line":11},"1":{"loc":{"start":{"line":16,"column":8},"end":{"line":33,"column":9}},"type":"if","locations":[{"start":{"line":16,"column":8},"end":{"line":33,"column":9}},{"start":{"line":16,"column":8},"end":{"line":33,"column":9}}],"line":16},"2":{"loc":{"start":{"line":17,"column":10},"end":{"line":22,"column":11}},"type":"if","locations":[{"start":{"line":17,"column":10},"end":{"line":22,"column":11}},{"start":{"line":17,"column":10},"end":{"line":22,"column":11}}],"line":17},"3":{"loc":{"start":{"line":23,"column":15},"end":{"line":33,"column":9}},"type":"if","locations":[{"start":{"line":23,"column":15},"end":{"line":33,"column":9}},{"start":{"line":23,"column":15},"end":{"line":33,"column":9}}],"line":23},"4":{"loc":{"start":{"line":24,"column":10},"end":{"line":29,"column":11}},"type":"if","locations":[{"start":{"line":24,"column":10},"end":{"line":29,"column":11}},{"start":{"line":24,"column":10},"end":{"line":29,"column":11}}],"line":24},"5":{"loc":{"start":{"line":39,"column":4},"end":{"line":55,"column":5}},"type":"if","locations":[{"start":{"line":39,"column":4},"end":{"line":55,"column":5}},{"start":{"line":39,"column":4},"end":{"line":55,"column":5}}],"line":39},"6":{"loc":{"start":{"line":44,"column":8},"end":{"line":50,"column":9}},"type":"if","locations":[{"start":{"line":44,"column":8},"end":{"line":50,"column":9}},{"start":{"line":44,"column":8},"end":{"line":50,"column":9}}],"line":44},"7":{"loc":{"start":{"line":46,"column":15},"end":{"line":50,"column":9}},"type":"if","locations":[{"start":{"line":46,"column":15},"end":{"line":50,"column":9}},{"start":{"line":46,"column":15},"end":{"line":50,"column":9}}],"line":46},"8":{"loc":{"start":{"line":48,"column":15},"end":{"line":50,"column":9}},"type":"if","locations":[{"start":{"line":48,"column":15},"end":{"line":50,"column":9}},{"start":{"line":48,"column":15},"end":{"line":50,"column":9}}],"line":48},"9":{"loc":{"start":{"line":51,"column":8},"end":{"line":53,"column":9}},"type":"if","locations":[{"start":{"line":51,"column":8},"end":{"line":53,"column":9}},{"start":{"line":51,"column":8},"end":{"line":53,"column":9}}],"line":51},"10":{"loc":{"start":{"line":61,"column":4},"end":{"line":63,"column":5}},"type":"if","locations":[{"start":{"line":61,"column":4},"end":{"line":63,"column":5}},{"start":{"line":61,"column":4},"end":{"line":63,"column":5}}],"line":61},"11":{"loc":{"start":{"line":64,"column":4},"end":{"line":88,"column":5}},"type":"if","locations":[{"start":{"line":64,"column":4},"end":{"line":88,"column":5}},{"start":{"line":64,"column":4},"end":{"line":88,"column":5}}],"line":64},"12":{"loc":{"start":{"line":65,"column":6},"end":{"line":67,"column":7}},"type":"if","locations":[{"start":{"line":65,"column":6},"end":{"line":67,"column":7}},{"start":{"line":65,"column":6},"end":{"line":67,"column":7}}],"line":65},"13":{"loc":{"start":{"line":65,"column":10},"end":{"line":65,"column":63}},"type":"binary-expr","locations":[{"start":{"line":65,"column":10},"end":{"line":65,"column":34}},{"start":{"line":65,"column":38},"end":{"line":65,"column":63}}],"line":65},"14":{"loc":{"start":{"line":68,"column":6},"end":{"line":70,"column":7}},"type":"if","locations":[{"start":{"line":68,"column":6},"end":{"line":70,"column":7}},{"start":{"line":68,"column":6},"end":{"line":70,"column":7}}],"line":68},"15":{"loc":{"start":{"line":71,"column":6},"end":{"line":73,"column":7}},"type":"if","locations":[{"start":{"line":71,"column":6},"end":{"line":73,"column":7}},{"start":{"line":71,"column":6},"end":{"line":73,"column":7}}],"line":71},"16":{"loc":{"start":{"line":82,"column":11},"end":{"line":88,"column":5}},"type":"if","locations":[{"start":{"line":82,"column":11},"end":{"line":88,"column":5}},{"start":{"line":82,"column":11},"end":{"line":88,"column":5}}],"line":82}},"s":{"0":9,"1":1,"2":106,"3":7,"4":99,"5":99,"6":226,"7":71,"8":7,"9":7,"10":64,"11":155,"12":70,"13":7,"14":7,"15":63,"16":85,"17":5,"18":1,"19":4,"20":4,"21":11,"22":3,"23":8,"24":2,"25":6,"26":6,"27":8,"28":1,"29":0,"30":0,"31":0,"32":0,"33":0,"34":0,"35":0,"36":0,"37":0,"38":0,"39":0,"40":0,"41":0,"42":0,"43":0,"44":0,"45":0,"46":0,"47":0,"48":0,"49":0,"50":0,"51":0},"f":{"0":9,"1":1,"2":106,"3":5,"4":0,"5":0},"b":{"0":[7,99],"1":[71,155],"2":[7,64],"3":[70,85],"4":[7,63],"5":[1,4],"6":[3,8],"7":[2,6],"8":[6,0],"9":[1,7],"10":[0,0],"11":[0,0],"12":[0,0],"13":[0,0],"14":[0,0],"15":[0,0],"16":[0,0]},"_coverageSchema":"43e27e138ebf9cfc5966b082cf9a028302ed4184","hash":"210d02fbe0b2f4b615ab2a0830fff22e5fe4db56"}
,"/Users/thomasglenn/Desktop/CompSci/cs-testing-environment/src/graph.js": {"path":"/Users/thomasglenn/Desktop/CompSci/cs-testing-environment/src/graph.js","statementMap":{"0":{"start":{"line":3,"column":4},"end":{"line":3,"column":35}},"1":{"start":{"line":7,"column":4},"end":{"line":7,"column":44}},"2":{"start":{"line":11,"column":4},"end":{"line":11,"column":17}},"3":{"start":{"line":15,"column":4},"end":{"line":17,"column":5}},"4":{"start":{"line":16,"column":6},"end":{"line":16,"column":18}},"5":{"start":{"line":18,"column":4},"end":{"line":18,"column":17}},"6":{"start":{"line":22,"column":4},"end":{"line":22,"column":45}},"7":{"start":{"line":23,"column":4},"end":{"line":23,"column":45}},"8":{"start":{"line":27,"column":4},"end":{"line":29,"column":5}},"9":{"start":{"line":28,"column":6},"end":{"line":28,"column":17}},"10":{"start":{"line":30,"column":4},"end":{"line":30,"column":17}},"11":{"start":{"line":34,"column":4},"end":{"line":34,"column":48}},"12":{"start":{"line":35,"column":4},"end":{"line":35,"column":48}},"13":{"start":{"line":39,"column":4},"end":{"line":44,"column":5}},"14":{"start":{"line":40,"column":6},"end":{"line":42,"column":9}},"15":{"start":{"line":41,"column":8},"end":{"line":41,"column":50}},"16":{"start":{"line":43,"column":6},"end":{"line":43,"column":38}},"17":{"start":{"line":48,"column":4},"end":{"line":50,"column":5}},"18":{"start":{"line":49,"column":6},"end":{"line":49,"column":19}},"19":{"start":{"line":54,"column":4},"end":{"line":56,"column":5}},"20":{"start":{"line":55,"column":6},"end":{"line":55,"column":19}},"21":{"start":{"line":57,"column":16},"end":{"line":57,"column":30}},"22":{"start":{"line":58,"column":25},"end":{"line":58,"column":34}},"23":{"start":{"line":59,"column":4},"end":{"line":72,"column":5}},"24":{"start":{"line":60,"column":26},"end":{"line":60,"column":39}},"25":{"start":{"line":61,"column":6},"end":{"line":71,"column":7}},"26":{"start":{"line":62,"column":8},"end":{"line":62,"column":20}},"27":{"start":{"line":64,"column":8},"end":{"line":64,"column":40}},"28":{"start":{"line":65,"column":30},"end":{"line":65,"column":65}},"29":{"start":{"line":66,"column":8},"end":{"line":70,"column":11}},"30":{"start":{"line":67,"column":10},"end":{"line":69,"column":11}},"31":{"start":{"line":68,"column":12},"end":{"line":68,"column":32}}},"fnMap":{"0":{"name":"(anonymous_0)","decl":{"start":{"line":2,"column":2},"end":{"line":2,"column":3}},"loc":{"start":{"line":2,"column":16},"end":{"line":4,"column":3}},"line":2},"1":{"name":"(anonymous_1)","decl":{"start":{"line":6,"column":2},"end":{"line":6,"column":3}},"loc":{"start":{"line":6,"column":16},"end":{"line":8,"column":3}},"line":6},"2":{"name":"(anonymous_2)","decl":{"start":{"line":10,"column":2},"end":{"line":10,"column":3}},"loc":{"start":{"line":10,"column":16},"end":{"line":12,"column":3}},"line":10},"3":{"name":"(anonymous_3)","decl":{"start":{"line":14,"column":2},"end":{"line":14,"column":3}},"loc":{"start":{"line":14,"column":16},"end":{"line":19,"column":3}},"line":14},"4":{"name":"(anonymous_4)","decl":{"start":{"line":21,"column":2},"end":{"line":21,"column":3}},"loc":{"start":{"line":21,"column":27},"end":{"line":24,"column":3}},"line":21},"5":{"name":"(anonymous_5)","decl":{"start":{"line":26,"column":2},"end":{"line":26,"column":3}},"loc":{"start":{"line":26,"column":24},"end":{"line":31,"column":3}},"line":26},"6":{"name":"(anonymous_6)","decl":{"start":{"line":33,"column":2},"end":{"line":33,"column":3}},"loc":{"start":{"line":33,"column":27},"end":{"line":36,"column":3}},"line":33},"7":{"name":"(anonymous_7)","decl":{"start":{"line":38,"column":2},"end":{"line":38,"column":3}},"loc":{"start":{"line":38,"column":19},"end":{"line":45,"column":3}},"line":38},"8":{"name":"(anonymous_8)","decl":{"start":{"line":40,"column":43},"end":{"line":40,"column":44}},"loc":{"start":{"line":40,"column":53},"end":{"line":42,"column":7}},"line":40},"9":{"name":"(anonymous_9)","decl":{"start":{"line":47,"column":2},"end":{"line":47,"column":3}},"loc":{"start":{"line":47,"column":48},"end":{"line":51,"column":3}},"line":47},"10":{"name":"(anonymous_10)","decl":{"start":{"line":53,"column":2},"end":{"line":53,"column":3}},"loc":{"start":{"line":53,"column":48},"end":{"line":73,"column":3}},"line":53},"11":{"name":"(anonymous_11)","decl":{"start":{"line":66,"column":30},"end":{"line":66,"column":31}},"loc":{"start":{"line":66,"column":45},"end":{"line":70,"column":9}},"line":66}},"branchMap":{"0":{"loc":{"start":{"line":15,"column":4},"end":{"line":17,"column":5}},"type":"if","locations":[{"start":{"line":15,"column":4},"end":{"line":17,"column":5}},{"start":{"line":15,"column":4},"end":{"line":17,"column":5}}],"line":15},"1":{"loc":{"start":{"line":27,"column":4},"end":{"line":29,"column":5}},"type":"if","locations":[{"start":{"line":27,"column":4},"end":{"line":29,"column":5}},{"start":{"line":27,"column":4},"end":{"line":29,"column":5}}],"line":27},"2":{"loc":{"start":{"line":39,"column":4},"end":{"line":44,"column":5}},"type":"if","locations":[{"start":{"line":39,"column":4},"end":{"line":44,"column":5}},{"start":{"line":39,"column":4},"end":{"line":44,"column":5}}],"line":39},"3":{"loc":{"start":{"line":48,"column":4},"end":{"line":50,"column":5}},"type":"if","locations":[{"start":{"line":48,"column":4},"end":{"line":50,"column":5}},{"start":{"line":48,"column":4},"end":{"line":50,"column":5}}],"line":48},"4":{"loc":{"start":{"line":48,"column":8},"end":{"line":48,"column":88}},"type":"binary-expr","locations":[{"start":{"line":48,"column":9},"end":{"line":48,"column":46}},{"start":{"line":48,"column":52},"end":{"line":48,"column":87}}],"line":48},"5":{"loc":{"start":{"line":54,"column":4},"end":{"line":56,"column":5}},"type":"if","locations":[{"start":{"line":54,"column":4},"end":{"line":56,"column":5}},{"start":{"line":54,"column":4},"end":{"line":56,"column":5}}],"line":54},"6":{"loc":{"start":{"line":54,"column":8},"end":{"line":54,"column":88}},"type":"binary-expr","locations":[{"start":{"line":54,"column":9},"end":{"line":54,"column":46}},{"start":{"line":54,"column":52},"end":{"line":54,"column":87}}],"line":54},"7":{"loc":{"start":{"line":61,"column":6},"end":{"line":71,"column":7}},"type":"if","locations":[{"start":{"line":61,"column":6},"end":{"line":71,"column":7}},{"start":{"line":61,"column":6},"end":{"line":71,"column":7}}],"line":61},"8":{"loc":{"start":{"line":67,"column":10},"end":{"line":69,"column":11}},"type":"if","locations":[{"start":{"line":67,"column":10},"end":{"line":69,"column":11}},{"start":{"line":67,"column":10},"end":{"line":69,"column":11}}],"line":67}},"s":{"0":10,"1":19,"2":0,"3":3,"4":1,"5":2,"6":11,"7":11,"8":5,"9":1,"10":4,"11":1,"12":1,"13":1,"14":1,"15":2,"16":1,"17":0,"18":0,"19":3,"20":2,"21":1,"22":1,"23":1,"24":5,"25":5,"26":1,"27":4,"28":4,"29":4,"30":8,"31":5},"f":{"0":10,"1":19,"2":0,"3":3,"4":11,"5":5,"6":1,"7":1,"8":2,"9":0,"10":3,"11":8},"b":{"0":[1,2],"1":[1,4],"2":[1,0],"3":[0,0],"4":[0,0],"5":[2,1],"6":[3,2],"7":[1,4],"8":[5,3]},"_coverageSchema":"43e27e138ebf9cfc5966b082cf9a028302ed4184","hash":"b35f3e9cc6db97f8c2c02f61c17af494de41f322"}
}
