{"/Users/thomasglenn/Desktop/CompSci/cs-testing-environment/src/bst-node.js": {"path":"/Users/thomasglenn/Desktop/CompSci/cs-testing-environment/src/bst-node.js","statementMap":{"0":{"start":{"line":3,"column":4},"end":{"line":3,"column":21}},"1":{"start":{"line":4,"column":4},"end":{"line":4,"column":21}},"2":{"start":{"line":5,"column":4},"end":{"line":5,"column":22}}},"fnMap":{"0":{"name":"(anonymous_0)","decl":{"start":{"line":2,"column":2},"end":{"line":2,"column":3}},"loc":{"start":{"line":2,"column":20},"end":{"line":6,"column":3}},"line":2}},"branchMap":{},"s":{"0":17,"1":17,"2":17},"f":{"0":17},"b":{},"_coverageSchema":"43e27e138ebf9cfc5966b082cf9a028302ed4184","hash":"42cec998618c7b0ee906210991a0742e7bf9d94a"}
,"/Users/thomasglenn/Desktop/CompSci/cs-testing-environment/src/bst.js": {"path":"/Users/thomasglenn/Desktop/CompSci/cs-testing-environment/src/bst.js","statementMap":{"0":{"start":{"line":3,"column":4},"end":{"line":3,"column":21}},"1":{"start":{"line":7,"column":4},"end":{"line":7,"column":21}},"2":{"start":{"line":10,"column":4},"end":{"line":34,"column":5}},"3":{"start":{"line":11,"column":6},"end":{"line":11,"column":31}},"4":{"start":{"line":13,"column":24},"end":{"line":13,"column":33}},"5":{"start":{"line":14,"column":6},"end":{"line":33,"column":7}},"6":{"start":{"line":15,"column":8},"end":{"line":32,"column":9}},"7":{"start":{"line":16,"column":10},"end":{"line":21,"column":11}},"8":{"start":{"line":17,"column":12},"end":{"line":17,"column":44}},"9":{"start":{"line":18,"column":12},"end":{"line":18,"column":24}},"10":{"start":{"line":20,"column":12},"end":{"line":20,"column":43}},"11":{"start":{"line":22,"column":15},"end":{"line":32,"column":9}},"12":{"start":{"line":23,"column":10},"end":{"line":28,"column":11}},"13":{"start":{"line":24,"column":12},"end":{"line":24,"column":45}},"14":{"start":{"line":25,"column":12},"end":{"line":25,"column":24}},"15":{"start":{"line":27,"column":12},"end":{"line":27,"column":43}},"16":{"start":{"line":31,"column":10},"end":{"line":31,"column":22}}},"fnMap":{"0":{"name":"(anonymous_0)","decl":{"start":{"line":2,"column":2},"end":{"line":2,"column":3}},"loc":{"start":{"line":2,"column":16},"end":{"line":4,"column":3}},"line":2},"1":{"name":"(anonymous_1)","decl":{"start":{"line":6,"column":2},"end":{"line":6,"column":3}},"loc":{"start":{"line":6,"column":19},"end":{"line":8,"column":3}},"line":6},"2":{"name":"(anonymous_2)","decl":{"start":{"line":9,"column":2},"end":{"line":9,"column":3}},"loc":{"start":{"line":9,"column":23},"end":{"line":35,"column":3}},"line":9}},"branchMap":{"0":{"loc":{"start":{"line":10,"column":4},"end":{"line":34,"column":5}},"type":"if","locations":[{"start":{"line":10,"column":4},"end":{"line":34,"column":5}},{"start":{"line":10,"column":4},"end":{"line":34,"column":5}}],"line":10},"1":{"loc":{"start":{"line":15,"column":8},"end":{"line":32,"column":9}},"type":"if","locations":[{"start":{"line":15,"column":8},"end":{"line":32,"column":9}},{"start":{"line":15,"column":8},"end":{"line":32,"column":9}}],"line":15},"2":{"loc":{"start":{"line":16,"column":10},"end":{"line":21,"column":11}},"type":"if","locations":[{"start":{"line":16,"column":10},"end":{"line":21,"column":11}},{"start":{"line":16,"column":10},"end":{"line":21,"column":11}}],"line":16},"3":{"loc":{"start":{"line":22,"column":15},"end":{"line":32,"column":9}},"type":"if","locations":[{"start":{"line":22,"column":15},"end":{"line":32,"column":9}},{"start":{"line":22,"column":15},"end":{"line":32,"column":9}}],"line":22},"4":{"loc":{"start":{"line":23,"column":10},"end":{"line":28,"column":11}},"type":"if","locations":[{"start":{"line":23,"column":10},"end":{"line":28,"column":11}},{"start":{"line":23,"column":10},"end":{"line":28,"column":11}}],"line":23}},"s":{"0":8,"1":1,"2":15,"3":6,"4":9,"5":9,"6":12,"7":6,"8":4,"9":4,"10":2,"11":6,"12":5,"13":4,"14":4,"15":1,"16":1},"f":{"0":8,"1":1,"2":15},"b":{"0":[6,9],"1":[6,6],"2":[4,2],"3":[5,1],"4":[4,1]},"_coverageSchema":"43e27e138ebf9cfc5966b082cf9a028302ed4184","hash":"d2251b82d2ef0b5dd582961c838a5c84a21d8ff6"}
}
