TN:
SF:/Users/thomasglenn/Desktop/CompSci/cs-testing-environment/src/bst-node.js
FN:2,(anonymous_0)
FNF:1
FNH:1
FNDA:108,(anonymous_0)
DA:3,108
DA:4,108
DA:5,108
LF:3
LH:3
BRF:0
BRH:0
end_of_record
TN:
SF:/Users/thomasglenn/Desktop/CompSci/cs-testing-environment/src/bst.js
FN:2,(anonymous_0)
FN:6,(anonymous_1)
FN:10,(anonymous_2)
FN:38,(anonymous_3)
FNF:4
FNH:4
FNDA:9,(anonymous_0)
FNDA:1,(anonymous_1)
FNDA:106,(anonymous_2)
FNDA:5,(anonymous_3)
DA:3,9
DA:7,1
DA:11,106
DA:12,7
DA:14,99
DA:15,99
DA:16,226
DA:17,71
DA:18,7
DA:19,7
DA:21,64
DA:23,155
DA:24,70
DA:25,7
DA:26,7
DA:28,63
DA:32,85
DA:39,5
DA:40,1
DA:42,4
DA:43,4
DA:44,11
DA:45,3
DA:46,8
DA:47,2
DA:48,6
DA:49,6
DA:51,8
DA:52,1
LF:29
LH:29
BRDA:11,0,0,7
BRDA:11,0,1,99
BRDA:16,1,0,71
BRDA:16,1,1,155
BRDA:17,2,0,7
BRDA:17,2,1,64
BRDA:23,3,0,70
BRDA:23,3,1,85
BRDA:24,4,0,7
BRDA:24,4,1,63
BRDA:39,5,0,1
BRDA:39,5,1,4
BRDA:44,6,0,3
BRDA:44,6,1,8
BRDA:46,7,0,2
BRDA:46,7,1,6
BRDA:48,8,0,6
BRDA:48,8,1,0
BRDA:51,9,0,1
BRDA:51,9,1,7
BRF:20
BRH:19
end_of_record
