TN:
SF:/Users/thomasglenn/Desktop/CompSci/cs-testing-environment/src/bst-node.js
FN:2,(anonymous_0)
FNF:1
FNH:1
FNDA:17,(anonymous_0)
DA:3,17
DA:4,17
DA:5,17
LF:3
LH:3
BRF:0
BRH:0
end_of_record
TN:
SF:/Users/thomasglenn/Desktop/CompSci/cs-testing-environment/src/bst.js
FN:2,(anonymous_0)
FN:6,(anonymous_1)
FN:9,(anonymous_2)
FNF:3
FNH:3
FNDA:8,(anonymous_0)
FNDA:1,(anonymous_1)
FNDA:15,(anonymous_2)
DA:3,8
DA:7,1
DA:10,15
DA:11,6
DA:13,9
DA:14,9
DA:15,12
DA:16,6
DA:17,4
DA:18,4
DA:20,2
DA:22,6
DA:23,5
DA:24,4
DA:25,4
DA:27,1
DA:31,1
LF:17
LH:17
BRDA:10,0,0,6
BRDA:10,0,1,9
BRDA:15,1,0,6
BRDA:15,1,1,6
BRDA:16,2,0,4
BRDA:16,2,1,2
BRDA:22,3,0,5
BRDA:22,3,1,1
BRDA:23,4,0,4
BRDA:23,4,1,1
BRF:10
BRH:10
end_of_record
